Drill Listing
=============
Drill: .007  Tool: 1  Feed: 0  Speed: 0
X 1936311  Y 1556057
X 1939811  Y 1556057
X 1943311  Y 1556057

Drill: .009  Tool: 2  Feed: 0  Speed: 0
X 1920412  Y 1550791
X 1920412  Y 1559291
X 1922412  Y 1554791
X 1925412  Y 1554791
X 1925412  Y 1546491
X 1928412  Y 1554791
X 1930412  Y 1550791
X 1931023  Y 1555439
X 1933423  Y 1555439
X 1946823  Y 1555439
X 1948945  Y 1555480
X 1951345  Y 1555480
X 1953845  Y 1555480
X 1956561  Y 1541081
X 1957162  Y 1551291
X 1960045  Y 1549480
X 1963645  Y 1549480
X 1964361  Y 1540181
X 1965551  Y 1558415
X 1967361  Y 1540181
X 1967519  Y 1559202
X 1969461  Y 1542581
X 1969488  Y 1558415
X 1971456  Y 1559202
X 1973661  Y 1549481
X 1975393  Y 1559202
X 1977362  Y 1558415
X 1979061  Y 1543181
X 1979961  Y 1553681
X 1980561  Y 1544681
X 1980861  Y 1557881
X 1982361  Y 1545881
X 1982361  Y 1555781
X 1987461  Y 1559981
X 1989445  Y 1547380
X 1989445  Y 1550080
X 2000061  Y 1546481
X 2010445  Y 1556080
X 2026161  Y 1548281
X 2026161  Y 1550681
X 2043861  Y 1558181
X 2051961  Y 1551581
X 2061561  Y 1549481
X 2071745  Y 1559780
X 2073745  Y 1558780
X 2073761  Y 1552681
X 2075961  Y 1540781
X 2084061  Y 1550381
X 2084361  Y 1544081
X 2087361  Y 1554881
X 2101461  Y 1542281
X 2108361  Y 1549781
X 2120361  Y 1539881
X 2120361  Y 1550081
X 2102661  Y 1578581
X 2099661  Y 1578581
X 2095983  Y 1567610
X 2094561  Y 1581581
X 2090561  Y 1570807
X 2089761  Y 1581581
X 2087253  Y 1577303
X 2086810  Y 1573375
X 2079503  Y 1583303
X 2070561  Y 1580681
X 2070561  Y 1577981
X 2070561  Y 1572281
X 2070561  Y 1583081
X 2070561  Y 1575281
X 2066961  Y 1580681
X 2066961  Y 1577981
X 2066961  Y 1572281
X 2066961  Y 1583081
X 2066961  Y 1575281
X 2063361  Y 1580681
X 2063361  Y 1583081
X 2063361  Y 1577981
X 2063361  Y 1574981
X 2059761  Y 1577981
X 2059761  Y 1583081
X 2059761  Y 1580681
X 2053761  Y 1564481
X 2050761  Y 1564481
X 2048061  Y 1564481
X 2044193  Y 1575503
X 2043861  Y 1564481
X 2042421  Y 1577275
X 2040561  Y 1584881
X 2040561  Y 1564481
X 2026045  Y 1561180
X 2025861  Y 1583381
X 2023761  Y 1583381
X 2023345  Y 1561180
X 2015845  Y 1562080
X 2012245  Y 1562080
X 2001624  Y 1562007
X 1996461  Y 1561481
X 1987640  Y 1563972
X 1984891  Y 1571850
X 1984891  Y 1579724
X 1984891  Y 1575787
X 1984891  Y 1567913
X 1984104  Y 1577755
X 1984104  Y 1573818
X 1984104  Y 1565944
X 1984104  Y 1581692
X 1984104  Y 1569881
X 1976245  Y 1574680
X 1976245  Y 1567480
X 1975945  Y 1581580
X 1968445  Y 1574680
X 1968445  Y 1567480
X 1968145  Y 1582180
X 1960945  Y 1582180
X 1960945  Y 1567480
X 1960645  Y 1574980
X 1953005  Y 1577755
X 1952945  Y 1562180
X 1952869  Y 1573818
X 1952865  Y 1567913
X 1951103  Y 1579724
X 1950729  Y 1561567
X 1948353  Y 1561504
X 1945916  Y 1561507
X 1941882  Y 1565361
X 1939391  Y 1562339
X 1936091  Y 1562339
X 1933091  Y 1562339
X 1930880  Y 1565669
X 1927894  Y 1564885
X 1926912  Y 1572041
X 1925494  Y 1564885
X 1923912  Y 1572041
X 1923094  Y 1564885
X 1933175  Y 1596215
X 1946575  Y 1596215
X 1955265  Y 1588413
X 1963461  Y 1590581
X 1965561  Y 1590581
X 1967661  Y 1590581
X 1968561  Y 1593581
X 1969761  Y 1590581
X 1975461  Y 1590581
X 1979361  Y 1590581
X 1984104  Y 1585629
X 1988961  Y 1592381
X 1996461  Y 1591781
X 2009661  Y 1591781
X 2021661  Y 1591781
X 2030661  Y 1591781
X 2031261  Y 1598981
X 2034861  Y 1593581
X 2038161  Y 1591781
X 2040561  Y 1586981
X 2049561  Y 1591781
X 2054061  Y 1598981
X 2064861  Y 1591781
X 2067561  Y 1598981
X 2075661  Y 1590581
X 2077161  Y 1599281
X 2090061  Y 1594181
X 2090961  Y 1587281
X 2101461  Y 1598681
X 2108361  Y 1592381
X 2119761  Y 1589981
X 2120061  Y 1599281

Drill: .012  Tool: 3  Feed: 0  Speed: 0
X 2025561  Y 1569281
X 2025561  Y 1571981
X 2072661  Y 1562081
X 2072661  Y 1564781
X 2080503  Y 1585553

Drill: .015  Tool: 4  Feed: 0  Speed: 0
X 1957345  Y 1555780
X 2025103  Y 1577224
X 2077610  Y 1565375

Drill: .02362  Tool: 5  Feed: 0  Speed: 0
X 2107156  Y 1562307
X 2107156  Y 1578055
X 2117236  Y 1556401 X 2114087  Y 1556401
X 2117236  Y 1583960 X 2114087  Y 1583960
X 2102669  Y 1556401 X 2099520  Y 1556401
X 2102669  Y 1583960 X 2099520  Y 1583960

Drill: .03543  Tool: 6  Feed: 0  Speed: 0
X 1925799  Y 1535181
X 1935799  Y 1535181
X 1945799  Y 1535181
X 1955799  Y 1535181
X 1965799  Y 1535181
X 1975799  Y 1535181
X 1985799  Y 1535181
X 1995799  Y 1535181
X 2005799  Y 1535181
X 2015799  Y 1535181
X 2025799  Y 1535181
X 2035799  Y 1535181
X 2045799  Y 1535181
X 2055799  Y 1535181
X 2065799  Y 1535181
X 2075799  Y 1535181
X 2085799  Y 1535181
X 2095799  Y 1535181
X 2105799  Y 1535181
X 2115799  Y 1535181
X 2115799  Y 1605181
X 2105799  Y 1605181
X 2095799  Y 1605181
X 2085799  Y 1605181
X 2075799  Y 1605181
X 2065799  Y 1605181
X 2055799  Y 1605181
X 2045799  Y 1605181
X 2035799  Y 1605181
X 2025799  Y 1605181
X 2015799  Y 1605181
X 2005799  Y 1605181
X 1995799  Y 1605181
X 1985799  Y 1605181
X 1975799  Y 1605181
X 1965799  Y 1605181
X 1955799  Y 1605181
X 1945799  Y 1605181
X 1935799  Y 1605181
X 1925799  Y 1605181

End of Listing
